<?xml version="1.0" encoding="UTF-8"?>
<!-- Generated by org.testng.reporters.JUnitXMLReporter -->
<testsuite hostname="DESKTOP-G1TJ5B3" ignored="0" name="testngTest" tests="9" failures="0" timestamp="09 Feb 2022 18:59:58 GMT" time="0.045" errors="0">
  <testcase name="login" time="0.007" classname="practice_TestNg.Testcase1_page"/>
  <testcase name="login" time="0.001" classname="practice_TestNg.Testcase1_page"/>
  <testcase name="open_browser" time="0.001" classname="practice_TestNg.Testcase1_page"/>
  <testcase name="printtextmethod" time="0.0" classname="practice_TestNg.Testcase1_page"/>
  <testcase name="exception_test" time="0.001" classname="practice_TestNg.Testcase1_page"/>
  <testcase name="init" time="0.001" classname="practice_TestNg.Testcase1_page"/>
  <testcase name="open_browser" time="0.001" classname="practice_TestNg.Testcase2_page">
    <skipped/>
  </testcase> <!-- open_browser -->
  <testcase name="login" time="0.0" classname="practice_TestNg.Testcase3_group"/>
  <testcase name="login_title" time="0.001" classname="practice_TestNg.Testcase3_group"/>
</testsuite> <!-- testngTest -->
