<?xml version="1.0" encoding="UTF-8"?>
<!-- Generated by org.testng.reporters.JUnitXMLReporter -->
<testsuite hostname="DESKTOP-G1TJ5B3" ignored="0" name="Default test" tests="4" failures="0" timestamp="16 Jun 2022 03:15:27 GMT" time="19.178" errors="0">
  <testcase name="init" time="7.637" classname="com.page.parabank.Baseclass"/>
  <testcase name="readrunningmode" time="0.011" classname="com.page.parabanktTESTRUNCASE.LoginTest">
    <skipped/>
  </testcase> <!-- readrunningmode -->
  <testcase name="readrunningmode" time="10.343" classname="com.page.parabanktTESTRUNCASE.LoginTest"/>
  <testcase name="readrunningmode" time="0.002" classname="com.page.parabanktTESTRUNCASE.LoginTest">
    <skipped/>
  </testcase> <!-- readrunningmode -->
</testsuite> <!-- Default test -->
